SF:lib\pokemon\data\repository\pokemon_repository.dart
DA:10,1
DA:15,1
DA:16,3
LF:3
LH:3
end_of_record
SF:lib\pokemon\data\response\pokemon_response.dart
DA:9,4
DA:14,1
DA:16,7
DA:19,1
DA:20,1
DA:22,0
LF:6
LH:5
end_of_record
SF:lib\pokemon\data\response\pokemon_response.g.dart
DA:9,1
DA:10,1
DA:11,1
DA:12,1
DA:15,0
DA:16,0
DA:17,0
DA:18,0
LF:8
LH:4
end_of_record
SF:lib\pokemon\data\service\pokemon_service.dart
DA:11,1
DA:14,3
DA:15,2
DA:16,4
DA:17,3
DA:18,2
LF:6
LH:6
end_of_record
SF:lib\pokemon\data\response\pokemon_result_response.dart
DA:11,1
DA:16,1
DA:17,1
DA:19,0
LF:4
LH:3
end_of_record
SF:lib\pokemon\data\response\pokemon_result_response.g.dart
DA:9,1
DA:11,1
DA:12,1
DA:13,1
DA:14,3
DA:15,1
DA:18,0
DA:20,0
DA:21,0
DA:22,0
LF:10
LH:6
end_of_record
SF:lib\shared\network\exception\network_exception.dart
DA:4,1
LF:1
LH:1
end_of_record
SF:lib\pokemon\domain\interactor\pokemon_interactor.dart
DA:10,1
DA:15,1
DA:16,5
DA:17,4
LF:4
LH:4
end_of_record
SF:lib\pokemon\domain\model\pokemon.dart
DA:7,1
DA:13,1
DA:15,1
DA:16,3
DA:17,3
DA:18,3
DA:21,1
DA:22,1
DA:23,2
DA:24,2
DA:26,1
DA:28,2
LF:12
LH:12
end_of_record
